2025-03-11 20:34:13,830 - âœ… Request from Unknown - Method: /PaymentGateway/AuthenticateClient
2025-03-11 20:34:13,830 - âœ… Success: /PaymentGateway/AuthenticateClient completed
2025-03-11 20:34:13,831 - ğŸ”‘ Authentication attempt for user: alice from ipv6:%5B::1%5D:46240
2025-03-11 20:34:13,831 - âš ï¸ alice attempted login with active session (rejected)
2025-03-11 20:34:34,211 - ğŸš€ Secure Payment Gateway started on port 50052 (TLS & Interceptors Enabled)
2025-03-11 20:34:50,743 - âœ… Request from Unknown - Method: /PaymentGateway/AuthenticateClient
2025-03-11 20:34:50,743 - âœ… Success: /PaymentGateway/AuthenticateClient completed
2025-03-11 20:34:50,744 - ğŸ”‘ Authentication attempt for user: alice from ipv6:%5B::1%5D:40740
2025-03-11 20:34:50,745 - âœ… alice successfully authenticated from ipv6:%5B::1%5D:40740
2025-03-11 20:34:53,882 - âœ… Authorized request from alice - Method: /PaymentGateway/CheckBalance
2025-03-11 20:34:53,883 - âœ… Request from Unknown - Method: /PaymentGateway/CheckBalance
2025-03-11 20:34:53,883 - âœ… Success: /PaymentGateway/CheckBalance completed
2025-03-11 20:34:53,890 - âœ… Secure connection established with sender's bank: HDFC
2025-03-11 20:34:53,897 - âœ… alice from ipv6:%5B::1%5D:40740 checked balance: â‚¹5000.0
2025-03-11 20:35:03,450 - âœ… Authorized request from alice - Method: /PaymentGateway/ProcessPayment
2025-03-11 20:35:03,450 - âœ… alice initiated a payment.
2025-03-11 20:35:03,450 - âœ… Request from Unknown - Method: /PaymentGateway/ProcessPayment
2025-03-11 20:35:03,451 - âœ… Transaction processed successfully by alice in /PaymentGateway/ProcessPayment
2025-03-11 20:35:03,451 - âœ… Success: /PaymentGateway/ProcessPayment completed
2025-03-11 20:35:03,452 - ğŸ”„ [TXN: txn-20250311203503-1042589362791928095] alice (IP: ipv6:%5B::1%5D:40740) initiated payment of â‚¹1000.0 to 2001
2025-03-11 20:35:03,455 - âœ… Secure connection established with receiver's bank: ICICI
2025-03-11 20:35:03,455 - ğŸ”„ [TXN: txn-20250311203503-1042589362791928095] PREPARE PHASE started
2025-03-11 20:35:03,456 - âœ… [TXN: txn-20250311203503-1042589362791928095] Sender bank prepared successfully
2025-03-11 20:35:03,467 - âœ… [TXN: txn-20250311203503-1042589362791928095] Receiver bank prepared successfully
2025-03-11 20:35:03,468 - âœ… [TXN: txn-20250311203503-1042589362791928095] PREPARE PHASE completed successfully
2025-03-11 20:35:03,468 - ğŸ”„ [TXN: txn-20250311203503-1042589362791928095] COMMIT PHASE started
2025-03-11 20:35:03,477 - âœ… [TXN: txn-20250311203503-1042589362791928095] Sender bank committed successfully
2025-03-11 20:35:03,479 - âœ… [TXN: txn-20250311203503-1042589362791928095] Receiver bank committed successfully
2025-03-11 20:35:03,480 - âœ… [TXN: txn-20250311203503-1042589362791928095] COMMIT PHASE completed successfully
2025-03-11 20:35:03,480 - âœ… [TXN: txn-20250311203503-1042589362791928095] alice sent â‚¹1000.0 to 2001 successfully
2025-03-11 20:35:03,480 - âŒ [TXN: txn-20250311203503-1042589362791928095] Unexpected error: Protocol message PaymentResponse has no "transaction_id" field.
2025-03-11 20:35:03,480 - Exception calling application: Protocol message AbortRequest has no "amount" field.
Traceback (most recent call last):
  File "/home/saurav-deshmukh/DS/A2/Q3/server/payment_gateway.py", line 476, in ProcessPayment
    return payment_gateway_pb2.PaymentResponse(
           ^^^^^^^^^^^^^^^^^^^^^^^^^^^^^^^^^^^^
ValueError: Protocol message PaymentResponse has no "transaction_id" field.

During handling of the above exception, another exception occurred:

Traceback (most recent call last):
  File "/home/saurav-deshmukh/grpc_env/lib/python3.12/site-packages/grpc/_server.py", line 610, in _call_behavior
    response_or_iterator = behavior(argument, context)
                           ^^^^^^^^^^^^^^^^^^^^^^^^^^^
  File "/home/saurav-deshmukh/DS/A2/Q3/server/payment_gateway.py", line 545, in ProcessPayment
    self.abort_transaction(
  File "/home/saurav-deshmukh/DS/A2/Q3/server/payment_gateway.py", line 254, in abort_transaction
    abort_request = bank_pb2.AbortRequest(
                    ^^^^^^^^^^^^^^^^^^^^^^
ValueError: Protocol message AbortRequest has no "amount" field.
2025-03-11 20:36:56,615 - ğŸš€ Secure Payment Gateway started on port 50052 (TLS & Interceptors Enabled)
2025-03-11 20:37:16,523 - âœ… Request from Unknown - Method: /PaymentGateway/AuthenticateClient
2025-03-11 20:37:16,524 - âœ… Success: /PaymentGateway/AuthenticateClient completed
2025-03-11 20:37:16,525 - ğŸ”‘ Authentication attempt for user: alice from ipv6:%5B::1%5D:53362
2025-03-11 20:37:16,526 - âœ… alice successfully authenticated from ipv6:%5B::1%5D:53362
2025-03-11 20:37:17,488 - âœ… Authorized request from alice - Method: /PaymentGateway/CheckBalance
2025-03-11 20:37:17,488 - âœ… Request from Unknown - Method: /PaymentGateway/CheckBalance
2025-03-11 20:37:17,488 - âœ… Success: /PaymentGateway/CheckBalance completed
2025-03-11 20:37:17,494 - âœ… Secure connection established with sender's bank: HDFC
2025-03-11 20:37:17,499 - âœ… alice from ipv6:%5B::1%5D:53362 checked balance: â‚¹4000.0
2025-03-11 20:37:29,606 - âœ… Authorized request from alice - Method: /PaymentGateway/ProcessPayment
2025-03-11 20:37:29,606 - âœ… alice initiated a payment.
2025-03-11 20:37:29,606 - âœ… Request from Unknown - Method: /PaymentGateway/ProcessPayment
2025-03-11 20:37:29,607 - âœ… Transaction processed successfully by alice in /PaymentGateway/ProcessPayment
2025-03-11 20:37:29,607 - âœ… Success: /PaymentGateway/ProcessPayment completed
2025-03-11 20:37:29,608 - ğŸ”„ [TXN: txn-20250311203729-1402313833272332721] alice (IP: ipv6:%5B::1%5D:53362) initiated payment of â‚¹1000.0 to 2001
2025-03-11 20:37:29,611 - âœ… Secure connection established with receiver's bank: ICICI
2025-03-11 20:37:29,611 - ğŸ”„ [TXN: txn-20250311203729-1402313833272332721] PREPARE PHASE started
2025-03-11 20:37:29,613 - âœ… [TXN: txn-20250311203729-1402313833272332721] Sender bank prepared successfully
2025-03-11 20:37:29,620 - âœ… [TXN: txn-20250311203729-1402313833272332721] Receiver bank prepared successfully
2025-03-11 20:37:29,621 - âœ… [TXN: txn-20250311203729-1402313833272332721] PREPARE PHASE completed successfully
2025-03-11 20:37:29,621 - ğŸ”„ [TXN: txn-20250311203729-1402313833272332721] COMMIT PHASE started
2025-03-11 20:37:29,621 - âœ… [TXN: txn-20250311203729-1402313833272332721] Sender bank committed successfully
2025-03-11 20:37:29,630 - âœ… [TXN: txn-20250311203729-1402313833272332721] Receiver bank committed successfully
2025-03-11 20:37:29,630 - âœ… [TXN: txn-20250311203729-1402313833272332721] COMMIT PHASE completed successfully
2025-03-11 20:37:29,630 - âœ… [TXN: txn-20250311203729-1402313833272332721] alice sent â‚¹1000.0 to 2001 successfully
2025-03-11 20:37:29,630 - âŒ [TXN: txn-20250311203729-1402313833272332721] Unexpected error: Protocol message PaymentResponse has no "transaction_id" field.
2025-03-11 20:47:46,327 - ğŸš€ Secure Payment Gateway started on port 50052 (TLS & Interceptors Enabled)
2025-03-11 20:48:04,949 - âœ… Request from Unknown - Method: /PaymentGateway/AuthenticateClient
2025-03-11 20:48:04,949 - âœ… Success: /PaymentGateway/AuthenticateClient completed
2025-03-11 20:48:04,950 - ğŸ”‘ Authentication attempt for user: alice from ipv6:%5B::1%5D:34206
2025-03-11 20:48:04,951 - âœ… alice successfully authenticated from ipv6:%5B::1%5D:34206
2025-03-11 20:48:07,186 - âœ… Authorized request from alice - Method: /PaymentGateway/CheckBalance
2025-03-11 20:48:07,187 - âœ… Request from Unknown - Method: /PaymentGateway/CheckBalance
2025-03-11 20:48:07,187 - âœ… Success: /PaymentGateway/CheckBalance completed
2025-03-11 20:48:07,193 - âœ… Secure connection established with sender's bank: HDFC
2025-03-11 20:48:07,198 - âœ… alice from ipv6:%5B::1%5D:34206 checked balance: â‚¹3000.0
2025-03-11 20:48:16,275 - âœ… Authorized request from alice - Method: /PaymentGateway/ProcessPayment
2025-03-11 20:48:16,275 - âœ… alice initiated a payment.
2025-03-11 20:48:16,275 - âœ… Request from Unknown - Method: /PaymentGateway/ProcessPayment
2025-03-11 20:48:16,276 - âœ… Transaction processed successfully by alice in /PaymentGateway/ProcessPayment
2025-03-11 20:48:16,276 - âœ… Success: /PaymentGateway/ProcessPayment completed
2025-03-11 20:48:16,277 - ğŸ”„ [TXN: txn-20250311204816-638750286781895736] alice (IP: ipv6:%5B::1%5D:34206) initiated payment of â‚¹2001.0 to 1000
2025-03-11 20:48:16,278 - âŒ [TXN: txn-20250311204816-638750286781895736] alice attempted payment to non-existent account 1000
2025-03-11 20:48:16,278 - âŒ [TXN: txn-20250311204816-638750286781895736] Unexpected error: 
2025-03-11 20:50:49,120 - âœ… Authorized request from alice - Method: /PaymentGateway/ProcessPayment
2025-03-11 20:50:49,121 - âœ… alice initiated a payment.
2025-03-11 20:50:49,121 - âœ… Request from Unknown - Method: /PaymentGateway/ProcessPayment
2025-03-11 20:50:49,121 - âœ… Transaction processed successfully by alice in /PaymentGateway/ProcessPayment
2025-03-11 20:50:49,121 - âœ… Success: /PaymentGateway/ProcessPayment completed
2025-03-11 20:50:49,122 - ğŸ”„ [TXN: txn-20250311205049-282095103010428113] alice (IP: ipv6:%5B::1%5D:34206) initiated payment of â‚¹1000.0 to 2001
2025-03-11 20:50:49,125 - âœ… Secure connection established with receiver's bank: ICICI
2025-03-11 20:50:49,125 - ğŸ”„ [TXN: txn-20250311205049-282095103010428113] PREPARE PHASE started
2025-03-11 20:50:49,127 - âœ… [TXN: txn-20250311205049-282095103010428113] Sender bank prepared successfully
2025-03-11 20:50:49,136 - âœ… [TXN: txn-20250311205049-282095103010428113] Receiver bank prepared successfully
2025-03-11 20:50:49,136 - âœ… [TXN: txn-20250311205049-282095103010428113] PREPARE PHASE completed successfully
2025-03-11 20:50:49,136 - ğŸ”„ [TXN: txn-20250311205049-282095103010428113] COMMIT PHASE started
2025-03-11 20:50:49,137 - âœ… [TXN: txn-20250311205049-282095103010428113] Sender bank committed successfully
2025-03-11 20:50:49,145 - âœ… [TXN: txn-20250311205049-282095103010428113] Receiver bank committed successfully
2025-03-11 20:50:49,145 - âœ… [TXN: txn-20250311205049-282095103010428113] COMMIT PHASE completed successfully
2025-03-11 20:50:49,145 - âœ… [TXN: txn-20250311205049-282095103010428113] alice sent â‚¹1000.0 to 2001 successfully
2025-03-11 20:50:49,145 - âŒ [TXN: txn-20250311205049-282095103010428113] Unexpected error: Protocol message PaymentResponse has no "transaction_id" field.
2025-03-11 20:52:34,663 - ğŸš€ Secure Payment Gateway started on port 50052 (TLS & Interceptors Enabled)
2025-03-11 20:52:46,841 - âœ… Request from Unknown - Method: /PaymentGateway/AuthenticateClient
2025-03-11 20:52:46,842 - âœ… Success: /PaymentGateway/AuthenticateClient completed
2025-03-11 20:52:46,842 - ğŸ”‘ Authentication attempt for user: alicw from ipv6:%5B::1%5D:32920
2025-03-11 20:52:46,842 - âŒ Failed login attempt for user: alicw from ipv6:%5B::1%5D:32920
2025-03-11 20:52:56,262 - âœ… Request from Unknown - Method: /PaymentGateway/AuthenticateClient
2025-03-11 20:52:56,263 - âœ… Success: /PaymentGateway/AuthenticateClient completed
2025-03-11 20:52:56,263 - ğŸ”‘ Authentication attempt for user: alice from ipv6:%5B::1%5D:32920
2025-03-11 20:52:56,265 - âœ… alice successfully authenticated from ipv6:%5B::1%5D:32920
2025-03-11 20:52:57,688 - âœ… Authorized request from alice - Method: /PaymentGateway/CheckBalance
2025-03-11 20:52:57,688 - âœ… Request from Unknown - Method: /PaymentGateway/CheckBalance
2025-03-11 20:52:57,689 - âœ… Success: /PaymentGateway/CheckBalance completed
2025-03-11 20:52:57,696 - âœ… Secure connection established with sender's bank: HDFC
2025-03-11 20:52:57,702 - âœ… alice from ipv6:%5B::1%5D:32920 checked balance: â‚¹2000.0
2025-03-11 20:53:04,426 - âœ… Authorized request from alice - Method: /PaymentGateway/ProcessPayment
2025-03-11 20:53:04,426 - âœ… alice initiated a payment.
2025-03-11 20:53:04,427 - âœ… Request from Unknown - Method: /PaymentGateway/ProcessPayment
2025-03-11 20:53:04,427 - âœ… Transaction processed successfully by alice in /PaymentGateway/ProcessPayment
2025-03-11 20:53:04,427 - âœ… Success: /PaymentGateway/ProcessPayment completed
2025-03-11 20:53:04,428 - ğŸ”„ [TXN: txn-20250311205304-987315813752001880] alice (IP: ipv6:%5B::1%5D:32920) initiated payment of â‚¹500.0 to 2001
2025-03-11 20:53:04,431 - âœ… Secure connection established with receiver's bank: ICICI
2025-03-11 20:53:04,431 - ğŸ”„ [TXN: txn-20250311205304-987315813752001880] PREPARE PHASE started
2025-03-11 20:53:04,433 - âœ… [TXN: txn-20250311205304-987315813752001880] Sender bank prepared successfully
2025-03-11 20:53:04,441 - âœ… [TXN: txn-20250311205304-987315813752001880] Receiver bank prepared successfully
2025-03-11 20:53:04,441 - âœ… [TXN: txn-20250311205304-987315813752001880] PREPARE PHASE completed successfully
2025-03-11 20:53:04,441 - ğŸ”„ [TXN: txn-20250311205304-987315813752001880] COMMIT PHASE started
2025-03-11 20:53:04,442 - âœ… [TXN: txn-20250311205304-987315813752001880] Sender bank committed successfully
2025-03-11 20:53:04,450 - âœ… [TXN: txn-20250311205304-987315813752001880] Receiver bank committed successfully
2025-03-11 20:53:04,450 - âœ… [TXN: txn-20250311205304-987315813752001880] COMMIT PHASE completed successfully
2025-03-11 20:53:04,450 - âœ… [TXN: txn-20250311205304-987315813752001880] alice sent â‚¹500.0 to 2001 successfully
